# JRE version: Java(TM) SE Runtime Environment (8.0_05-b13) (build 1.8.0_05-b13)
# Java VM: Java HotSpot(TM) 64-Bit Server VM (25.5-b02 mixed mode windows-amd64 compressed oops)
Heap:
 PSYoungGen      total 2560K, used 689K [0x00000000d7500000, 0x00000000d7800000, 0x0000000100000000)
  eden space 2048K, 9% used [0x00000000d7500000,0x00000000d7532130,0x00000000d7700000)
  from space 512K, 95% used [0x00000000d7780000,0x00000000d77fa610,0x00000000d7800000)
  to   space 512K, 0% used [0x00000000d7700000,0x00000000d7700000,0x00000000d7780000)
 ParOldGen       total 125440K, used 859K [0x0000000085e00000, 0x000000008d880000, 0x00000000d7500000)
  object space 125440K, 0% used [0x0000000085e00000,0x0000000085ed6c40,0x000000008d880000)
 Metaspace       used 4340K, capacity 5088K, committed 5248K, reserved 1056768K
  class space    used 479K, capacity 528K, committed 640K, reserved 1048576K
GC Heap History (8 events):
Event: 0.120 GC heap before
{Heap before GC invocations=1 (full 0):
 PSYoungGen      total 1024K, used 512K [0x00000000d7500000, 0x00000000d7680000, 0x0000000100000000)
  eden space 512K, 100% used [0x00000000d7500000,0x00000000d7580000,0x00000000d7580000)
  from space 512K, 0% used [0x00000000d7600000,0x00000000d7600000,0x00000000d7680000)
  to   space 512K, 0% used [0x00000000d7580000,0x00000000d7580000,0x00000000d7600000)
 ParOldGen       total 125440K, used 0K [0x0000000085e00000, 0x000000008d880000, 0x00000000d7500000)
  object space 125440K, 0% used [0x0000000085e00000,0x0000000085e00000,0x000000008d880000)
 Metaspace       used 1674K, capacity 4480K, committed 4480K, reserved 1056768K
  class space    used 178K, capacity 384K, committed 384K, reserved 1048576K
Event: 0.121 GC heap after
Heap after GC invocations=1 (full 0):
 PSYoungGen      total 1024K, used 505K [0x00000000d7500000, 0x00000000d7700000, 0x0000000100000000)
  eden space 512K, 0% used [0x00000000d7500000,0x00000000d7500000,0x00000000d7580000)
  from space 512K, 98% used [0x00000000d7580000,0x00000000d75fe620,0x00000000d7600000)
  to   space 512K, 0% used [0x00000000d7680000,0x00000000d7680000,0x00000000d7700000)
 ParOldGen       total 125440K, used 0K [0x0000000085e00000, 0x000000008d880000, 0x00000000d7500000)
  object space 125440K, 0% used [0x0000000085e00000,0x0000000085e00000,0x000000008d880000)
 Metaspace       used 1674K, capacity 4480K, committed 4480K, reserved 1056768K
  class space    used 178K, capacity 384K, committed 384K, reserved 1048576K
}
Event: 0.187 GC heap before
{Heap before GC invocations=2 (full 0):
 PSYoungGen      total 1024K, used 1017K [0x00000000d7500000, 0x00000000d7700000, 0x0000000100000000)
  eden space 512K, 100% used [0x00000000d7500000,0x00000000d7580000,0x00000000d7580000)
  from space 512K, 98% used [0x00000000d7580000,0x00000000d75fe620,0x00000000d7600000)
  to   space 512K, 0% used [0x00000000d7680000,0x00000000d7680000,0x00000000d7700000)
 ParOldGen       total 125440K, used 0K [0x0000000085e00000, 0x000000008d880000, 0x00000000d7500000)
  object space 125440K, 0% used [0x0000000085e00000,0x0000000085e00000,0x000000008d880000)
 Metaspace       used 2887K, capacity 4490K, committed 4864K, reserved 1056768K
  class space    used 310K, capacity 386K, committed 512K, reserved 1048576K
Event: 0.189 GC heap after
Heap after GC invocations=2 (full 0):
 PSYoungGen      total 1536K, used 505K [0x00000000d7500000, 0x00000000d7700000, 0x0000000100000000)
  eden space 1024K, 0% used [0x00000000d7500000,0x00000000d7500000,0x00000000d7600000)
  from space 512K, 98% used [0x00000000d7680000,0x00000000d76fe620,0x00000000d7700000)
  to   space 512K, 0% used [0x00000000d7600000,0x00000000d7600000,0x00000000d7680000)
 ParOldGen       total 125440K, used 264K [0x0000000085e00000, 0x000000008d880000, 0x00000000d7500000)
  object space 125440K, 0% used [0x0000000085e00000,0x0000000085e42000,0x000000008d880000)
 Metaspace       used 2887K, capacity 4490K, committed 4864K, reserved 1056768K
  class space    used 310K, capacity 386K, committed 512K, reserved 1048576K
}
Event: 0.261 GC heap before
{Heap before GC invocations=3 (full 0):
 PSYoungGen      total 1536K, used 1529K [0x00000000d7500000, 0x00000000d7700000, 0x0000000100000000)
  eden space 1024K, 100% used [0x00000000d7500000,0x00000000d7600000,0x00000000d7600000)
  from space 512K, 98% used [0x00000000d7680000,0x00000000d76fe620,0x00000000d7700000)
  to   space 512K, 0% used [0x00000000d7600000,0x00000000d7600000,0x00000000d7680000)
 ParOldGen       total 125440K, used 264K [0x0000000085e00000, 0x000000008d880000, 0x00000000d7500000)
  object space 125440K, 0% used [0x0000000085e00000,0x0000000085e42000,0x000000008d880000)
 Metaspace       used 3296K, capacity 4728K, committed 4864K, reserved 1056768K
  class space    used 369K, capacity 424K, committed 512K, reserved 1048576K
Event: 0.262 GC heap after
Heap after GC invocations=3 (full 0):
 PSYoungGen      total 1536K, used 505K [0x00000000d7500000, 0x00000000d7800000, 0x0000000100000000)
  eden space 1024K, 0% used [0x00000000d7500000,0x00000000d7500000,0x00000000d7600000)
  from space 512K, 98% used [0x00000000d7600000,0x00000000d767e640,0x00000000d7680000)
  to   space 512K, 0% used [0x00000000d7780000,0x00000000d7780000,0x00000000d7800000)
 ParOldGen       total 125440K, used 524K [0x0000000085e00000, 0x000000008d880000, 0x00000000d7500000)
  object space 125440K, 0% used [0x0000000085e00000,0x0000000085e83070,0x000000008d880000)
 Metaspace       used 3296K, capacity 4728K, committed 4864K, reserved 1056768K
  class space    used 369K, capacity 424K, committed 512K, reserved 1048576K
}
Event: 0.817 GC heap before
{Heap before GC invocations=4 (full 0):
 PSYoungGen      total 1536K, used 1510K [0x00000000d7500000, 0x00000000d7800000, 0x0000000100000000)
  eden space 1024K, 98% used [0x00000000d7500000,0x00000000d75fb488,0x00000000d7600000)
  from space 512K, 98% used [0x00000000d7600000,0x00000000d767e640,0x00000000d7680000)
  to   space 512K, 0% used [0x00000000d7780000,0x00000000d7780000,0x00000000d7800000)
 ParOldGen       total 125440K, used 524K [0x0000000085e00000, 0x000000008d880000, 0x00000000d7500000)
  object space 125440K, 0% used [0x0000000085e00000,0x0000000085e83070,0x000000008d880000)
 Metaspace       used 4249K, capacity 5024K, committed 5248K, reserved 1056768K
  class space    used 472K, capacity 528K, committed 640K, reserved 1048576K
Event: 0.818 GC heap after
Heap after GC invocations=4 (full 0):
 PSYoungGen      total 2560K, used 489K [0x00000000d7500000, 0x00000000d7800000, 0x0000000100000000)
  eden space 2048K, 0% used [0x00000000d7500000,0x00000000d7500000,0x00000000d7700000)
  from space 512K, 95% used [0x00000000d7780000,0x00000000d77fa610,0x00000000d7800000)
  to   space 512K, 0% used [0x00000000d7700000,0x00000000d7700000,0x00000000d7780000)
 ParOldGen       total 125440K, used 859K [0x0000000085e00000, 0x000000008d880000, 0x00000000d7500000)
  object space 125440K, 0% used [0x0000000085e00000,0x0000000085ed6c40,0x000000008d880000)
 Metaspace       used 4249K, capacity 5024K, committed 5248K, reserved 1056768K
  class space    used 472K, capacity 528K, committed 640K, reserved 1048576K
}

