# JRE version: Java(TM) SE Runtime Environment (8.0_05-b13) (build 1.8.0_05-b13)
# Java VM: Java HotSpot(TM) 64-Bit Server VM (25.5-b02 mixed mode windows-amd64 compressed oops)
Heap:
 PSYoungGen      total 2560K, used 705K [0x00000000d7500000, 0x00000000d7800000, 0x0000000100000000)
  eden space 2048K, 9% used [0x00000000d7500000,0x00000000d7531f70,0x00000000d7700000)
  from space 512K, 98% used [0x00000000d7780000,0x00000000d77fe640,0x00000000d7800000)
  to   space 512K, 0% used [0x00000000d7700000,0x00000000d7700000,0x00000000d7780000)
 ParOldGen       total 125440K, used 783K [0x0000000085e00000, 0x000000008d880000, 0x00000000d7500000)
  object space 125440K, 0% used [0x0000000085e00000,0x0000000085ec3c50,0x000000008d880000)
 Metaspace       used 4341K, capacity 5088K, committed 5248K, reserved 1056768K
  class space    used 479K, capacity 528K, committed 640K, reserved 1048576K
GC Heap History (8 events):
Event: 0.076 GC heap before
{Heap before GC invocations=1 (full 0):
 PSYoungGen      total 1024K, used 512K [0x00000000d7500000, 0x00000000d7680000, 0x0000000100000000)
  eden space 512K, 100% used [0x00000000d7500000,0x00000000d7580000,0x00000000d7580000)
  from space 512K, 0% used [0x00000000d7600000,0x00000000d7600000,0x00000000d7680000)
  to   space 512K, 0% used [0x00000000d7580000,0x00000000d7580000,0x00000000d7600000)
 ParOldGen       total 125440K, used 0K [0x0000000085e00000, 0x000000008d880000, 0x00000000d7500000)
  object space 125440K, 0% used [0x0000000085e00000,0x0000000085e00000,0x000000008d880000)
 Metaspace       used 1674K, capacity 4480K, committed 4480K, reserved 1056768K
  class space    used 178K, capacity 384K, committed 384K, reserved 1048576K
Event: 0.077 GC heap after
Heap after GC invocations=1 (full 0):
 PSYoungGen      total 1024K, used 473K [0x00000000d7500000, 0x00000000d7700000, 0x0000000100000000)
  eden space 512K, 0% used [0x00000000d7500000,0x00000000d7500000,0x00000000d7580000)
  from space 512K, 92% used [0x00000000d7580000,0x00000000d75f6620,0x00000000d7600000)
  to   space 512K, 0% used [0x00000000d7680000,0x00000000d7680000,0x00000000d7700000)
 ParOldGen       total 125440K, used 0K [0x0000000085e00000, 0x000000008d880000, 0x00000000d7500000)
  object space 125440K, 0% used [0x0000000085e00000,0x0000000085e00000,0x000000008d880000)
 Metaspace       used 1674K, capacity 4480K, committed 4480K, reserved 1056768K
  class space    used 178K, capacity 384K, committed 384K, reserved 1048576K
}
Event: 0.170 GC heap before
{Heap before GC invocations=2 (full 0):
 PSYoungGen      total 1024K, used 985K [0x00000000d7500000, 0x00000000d7700000, 0x0000000100000000)
  eden space 512K, 100% used [0x00000000d7500000,0x00000000d7580000,0x00000000d7580000)
  from space 512K, 92% used [0x00000000d7580000,0x00000000d75f6620,0x00000000d7600000)
  to   space 512K, 0% used [0x00000000d7680000,0x00000000d7680000,0x00000000d7700000)
 ParOldGen       total 125440K, used 0K [0x0000000085e00000, 0x000000008d880000, 0x00000000d7500000)
  object space 125440K, 0% used [0x0000000085e00000,0x0000000085e00000,0x000000008d880000)
 Metaspace       used 2888K, capacity 4490K, committed 4864K, reserved 1056768K
  class space    used 310K, capacity 386K, committed 512K, reserved 1048576K
Event: 0.172 GC heap after
Heap after GC invocations=2 (full 0):
 PSYoungGen      total 1536K, used 489K [0x00000000d7500000, 0x00000000d7700000, 0x0000000100000000)
  eden space 1024K, 0% used [0x00000000d7500000,0x00000000d7500000,0x00000000d7600000)
  from space 512K, 95% used [0x00000000d7680000,0x00000000d76fa610,0x00000000d7700000)
  to   space 512K, 0% used [0x00000000d7600000,0x00000000d7600000,0x00000000d7680000)
 ParOldGen       total 125440K, used 264K [0x0000000085e00000, 0x000000008d880000, 0x00000000d7500000)
  object space 125440K, 0% used [0x0000000085e00000,0x0000000085e42000,0x000000008d880000)
 Metaspace       used 2888K, capacity 4490K, committed 4864K, reserved 1056768K
  class space    used 310K, capacity 386K, committed 512K, reserved 1048576K
}
Event: 0.270 GC heap before
{Heap before GC invocations=3 (full 0):
 PSYoungGen      total 1536K, used 1513K [0x00000000d7500000, 0x00000000d7700000, 0x0000000100000000)
  eden space 1024K, 100% used [0x00000000d7500000,0x00000000d7600000,0x00000000d7600000)
  from space 512K, 95% used [0x00000000d7680000,0x00000000d76fa610,0x00000000d7700000)
  to   space 512K, 0% used [0x00000000d7600000,0x00000000d7600000,0x00000000d7680000)
 ParOldGen       total 125440K, used 264K [0x0000000085e00000, 0x000000008d880000, 0x00000000d7500000)
  object space 125440K, 0% used [0x0000000085e00000,0x0000000085e42000,0x000000008d880000)
 Metaspace       used 3296K, capacity 4728K, committed 4864K, reserved 1056768K
  class space    used 369K, capacity 424K, committed 512K, reserved 1048576K
Event: 0.272 GC heap after
Heap after GC invocations=3 (full 0):
 PSYoungGen      total 1536K, used 489K [0x00000000d7500000, 0x00000000d7800000, 0x0000000100000000)
  eden space 1024K, 0% used [0x00000000d7500000,0x00000000d7500000,0x00000000d7600000)
  from space 512K, 95% used [0x00000000d7600000,0x00000000d767a630,0x00000000d7680000)
  to   space 512K, 0% used [0x00000000d7780000,0x00000000d7780000,0x00000000d7800000)
 ParOldGen       total 125440K, used 508K [0x0000000085e00000, 0x000000008d880000, 0x00000000d7500000)
  object space 125440K, 0% used [0x0000000085e00000,0x0000000085e7f070,0x000000008d880000)
 Metaspace       used 3296K, capacity 4728K, committed 4864K, reserved 1056768K
  class space    used 369K, capacity 424K, committed 512K, reserved 1048576K
}
Event: 0.837 GC heap before
{Heap before GC invocations=4 (full 0):
 PSYoungGen      total 1536K, used 1497K [0x00000000d7500000, 0x00000000d7800000, 0x0000000100000000)
  eden space 1024K, 98% used [0x00000000d7500000,0x00000000d75fbe88,0x00000000d7600000)
  from space 512K, 95% used [0x00000000d7600000,0x00000000d767a630,0x00000000d7680000)
  to   space 512K, 0% used [0x00000000d7780000,0x00000000d7780000,0x00000000d7800000)
 ParOldGen       total 125440K, used 508K [0x0000000085e00000, 0x000000008d880000, 0x00000000d7500000)
  object space 125440K, 0% used [0x0000000085e00000,0x0000000085e7f070,0x000000008d880000)
 Metaspace       used 4250K, capacity 5024K, committed 5248K, reserved 1056768K
  class space    used 472K, capacity 528K, committed 640K, reserved 1048576K
Event: 0.838 GC heap after
Heap after GC invocations=4 (full 0):
 PSYoungGen      total 2560K, used 505K [0x00000000d7500000, 0x00000000d7800000, 0x0000000100000000)
  eden space 2048K, 0% used [0x00000000d7500000,0x00000000d7500000,0x00000000d7700000)
  from space 512K, 98% used [0x00000000d7780000,0x00000000d77fe640,0x00000000d7800000)
  to   space 512K, 0% used [0x00000000d7700000,0x00000000d7700000,0x00000000d7780000)
 ParOldGen       total 125440K, used 783K [0x0000000085e00000, 0x000000008d880000, 0x00000000d7500000)
  object space 125440K, 0% used [0x0000000085e00000,0x0000000085ec3c50,0x000000008d880000)
 Metaspace       used 4250K, capacity 5024K, committed 5248K, reserved 1056768K
  class space    used 472K, capacity 528K, committed 640K, reserved 1048576K
}

